npm verb cli /usr/local/bin/node /usr/local/bin/npm
npm info using npm@10.1.0
npm info using node@v20.9.0
npm verb title npm install
npm verb argv "install" "--legacy-peer-deps" "--loglevel" "verbose"
npm verb logfile logs-max:10 dir:/Users/macbookpro/.npm/_logs/2023-12-13T02_19_01_929Z-
npm verb logfile /Users/macbookpro/.npm/_logs/2023-12-13T02_19_01_929Z-debug-0.log
npm http fetch GET 200 https://registry.npmjs.org/browserstack-cypress-cli 13ms (cache hit)
npm http fetch GET 200 https://registry.npmjs.org/cypress 5ms (cache hit)
npm http fetch GET 200 https://registry.npmjs.org/chalk 122ms (cache hit)
npm http fetch GET 200 https://registry.npmjs.org/archiver 125ms (cache hit)
npm http fetch GET 200 https://registry.npmjs.org/cli-progress 124ms (cache hit)
npm http fetch GET 200 https://registry.npmjs.org/getmac 125ms (cache hit)
npm http fetch GET 200 https://registry.npmjs.org/mocha 124ms (cache hit)
npm http fetch GET 200 https://registry.npmjs.org/async 133ms (cache hit)
npm http fetch GET 200 https://registry.npmjs.org/browserstack-local 134ms (cache hit)
npm http fetch GET 200 https://registry.npmjs.org/glob 132ms (cache hit)
npm http fetch GET 200 https://registry.npmjs.org/request 133ms (cache hit)
npm http fetch GET 200 https://registry.npmjs.org/requestretry 135ms (cache hit)
npm http fetch GET 200 https://registry.npmjs.org/git-last-commit 138ms (cache hit)
npm http fetch GET 200 https://registry.npmjs.org/mkdirp 137ms (cache hit)
npm http fetch GET 200 https://registry.npmjs.org/table 136ms (cache hit)
npm http fetch GET 200 https://registry.npmjs.org/uuid 137ms (cache hit)
npm http fetch GET 200 https://registry.npmjs.org/update-notifier 139ms (cache hit)
npm http fetch GET 200 https://registry.npmjs.org/decompress 136ms (cache hit)
npm http fetch GET 200 https://registry.npmjs.org/windows-release 139ms (cache hit)
npm http fetch GET 200 https://registry.npmjs.org/@types%2fsinonjs__fake-timers 133ms (cache hit)
npm http fetch GET 200 https://registry.npmjs.org/@cypress%2frequest 135ms (cache hit)
npm http fetch GET 200 https://registry.npmjs.org/@types%2fsizzle 133ms (cache hit)
npm http fetch GET 200 https://registry.npmjs.org/arch 133ms (cache hit)
npm http fetch GET 200 https://registry.npmjs.org/winston 141ms (cache hit)
npm http fetch GET 200 https://registry.npmjs.org/@cypress%2fxvfb 137ms (cache hit)
npm http fetch GET 200 https://registry.npmjs.org/blob-util 135ms (cache hit)
npm http fetch GET 200 https://registry.npmjs.org/yargs 144ms (cache hit)
npm http fetch GET 200 https://registry.npmjs.org/cli-cursor 135ms (cache hit)
npm http fetch GET 200 https://registry.npmjs.org/cachedir 137ms (cache hit)
npm http fetch GET 200 https://registry.npmjs.org/gitconfiglocal 155ms (cache hit)
npm http fetch GET 200 https://registry.npmjs.org/fs-extra 158ms (cache hit)
npm http fetch GET 200 https://registry.npmjs.org/git-repo-info 158ms (cache hit)
npm http fetch GET 200 https://registry.npmjs.org/cli-table3 140ms (cache hit)
npm http fetch GET 200 https://registry.npmjs.org/eventemitter2 138ms (cache hit)
npm http fetch GET 200 https://registry.npmjs.org/check-more-types 143ms (cache hit)
npm http fetch GET 200 https://registry.npmjs.org/commander 143ms (cache hit)
npm http fetch GET 200 https://registry.npmjs.org/common-tags 144ms (cache hit)
npm http fetch GET 200 https://registry.npmjs.org/executable 141ms (cache hit)
npm http fetch GET 200 https://registry.npmjs.org/debug 144ms (cache hit)
npm http fetch GET 200 https://registry.npmjs.org/node-ipc 162ms (cache hit)
npm http fetch GET 200 https://registry.npmjs.org/extract-zip 141ms (cache hit)
npm http fetch GET 200 https://registry.npmjs.org/enquirer 146ms (cache hit)
npm http fetch GET 200 https://registry.npmjs.org/getos 141ms (cache hit)
npm http fetch GET 200 https://registry.npmjs.org/dayjs 149ms (cache hit)
npm http fetch GET 200 https://registry.npmjs.org/execa 148ms (cache hit)
npm http fetch GET 200 https://registry.npmjs.org/lazy-ass 143ms (cache hit)
npm http fetch GET 200 https://registry.npmjs.org/figures 146ms (cache hit)
npm http fetch GET 200 https://registry.npmjs.org/minimist 142ms (cache hit)
npm http fetch GET 200 https://registry.npmjs.org/fs-extra 148ms (cache hit)
npm http fetch GET 200 https://registry.npmjs.org/chalk 158ms (cache hit)
npm http fetch GET 200 https://registry.npmjs.org/ospath 145ms (cache hit)
npm http fetch GET 200 https://registry.npmjs.org/lodash 148ms (cache hit)
npm http fetch GET 200 https://registry.npmjs.org/log-symbols 148ms (cache hit)
npm http fetch GET 200 https://registry.npmjs.org/process 144ms (cache hit)
npm http fetch GET 200 https://registry.npmjs.org/request-progress 143ms (cache hit)
npm http fetch GET 200 https://registry.npmjs.org/bluebird 165ms (cache hit)
npm http fetch GET 200 https://registry.npmjs.org/semver 146ms (cache hit)
npm http fetch GET 200 https://registry.npmjs.org/proxy-from-env 149ms (cache hit)
npm http fetch GET 200 https://registry.npmjs.org/yauzl 146ms (cache hit)
npm http fetch GET 200 https://registry.npmjs.org/listr2 157ms (cache hit)
npm http fetch GET 200 https://registry.npmjs.org/@types%2fnode 183ms (cache hit)
npm http fetch GET 200 https://registry.npmjs.org/supports-color 186ms (cache hit)
npm http fetch GET 200 https://registry.npmjs.org/tmp 186ms (cache hit)
npm http fetch GET 200 https://registry.npmjs.org/is-installed-globally 197ms (cache hit)
npm http fetch GET 200 https://registry.npmjs.org/buffer 210ms (cache hit)
npm http fetch GET 200 https://registry.npmjs.org/pretty-bytes 193ms (cache hit)
npm http fetch GET 200 https://registry.npmjs.org/is-ci 202ms (cache hit)
npm http fetch GET 200 https://registry.npmjs.org/untildify 195ms (cache hit)
npm http fetch GET 200 https://registry.npmjs.org/readable-stream 189ms (cache hit)
npm http fetch GET 200 https://registry.npmjs.org/buffer-crc32 192ms (cache hit)
npm http fetch GET 200 https://registry.npmjs.org/zip-stream 190ms (cache hit)
npm http fetch GET 200 https://registry.npmjs.org/agent-base 187ms (cache hit)
npm http fetch GET 200 https://registry.npmjs.org/readdir-glob 193ms (cache hit)
npm http fetch GET 200 https://registry.npmjs.org/ps-tree 189ms (cache hit)
npm http fetch GET 200 https://registry.npmjs.org/ansi-styles 187ms (cache hit)
npm http fetch GET 200 https://registry.npmjs.org/temp-fs 189ms (cache hit)
npm http fetch GET 200 https://registry.npmjs.org/string-width 187ms (cache hit)
npm http fetch GET 200 https://registry.npmjs.org/decompress-tarbz2 186ms (cache hit)
npm http fetch GET 200 https://registry.npmjs.org/decompress-unzip 186ms (cache hit)
npm http fetch GET 200 https://registry.npmjs.org/graceful-fs 183ms (cache hit)
npm http fetch GET 200 https://registry.npmjs.org/is-running 193ms (cache hit)
npm http fetch GET 200 https://registry.npmjs.org/decompress-tar 189ms (cache hit)
npm http fetch GET 200 https://registry.npmjs.org/pify 187ms (cache hit)
npm http fetch GET 200 https://registry.npmjs.org/graceful-fs 188ms (cache hit)
npm http fetch GET 200 https://registry.npmjs.org/strip-dirs 187ms (cache hit)
npm http fetch GET 200 https://registry.npmjs.org/make-dir 189ms (cache hit)
npm http fetch GET 200 https://registry.npmjs.org/ini 183ms (cache hit)
npm http fetch GET 200 https://registry.npmjs.org/minimatch 182ms (cache hit)
npm http fetch GET 200 https://registry.npmjs.org/universalify 188ms (cache hit)
npm http fetch GET 200 https://registry.npmjs.org/inherits 185ms (cache hit)
npm http fetch GET 200 https://registry.npmjs.org/jsonfile 190ms (cache hit)
npm http fetch GET 200 https://registry.npmjs.org/fs.realpath 186ms (cache hit)
npm http fetch GET 200 https://registry.npmjs.org/path-is-absolute 184ms (cache hit)
npm http fetch GET 200 https://registry.npmjs.org/ansi-colors 184ms (cache hit)
npm http fetch GET 200 https://registry.npmjs.org/chokidar 187ms (cache hit)
npm http fetch GET 200 https://registry.npmjs.org/decompress-targz 200ms (cache hit)
npm http fetch GET 200 https://registry.npmjs.org/tar-stream 209ms (cache hit)
npm http fetch GET 200 https://registry.npmjs.org/once 192ms (cache hit)
npm http fetch GET 200 https://registry.npmjs.org/inflight 194ms (cache hit)
npm http fetch GET 200 https://registry.npmjs.org/escape-string-regexp 189ms (cache hit)
npm http fetch GET 200 https://registry.npmjs.org/he 189ms (cache hit)
npm http fetch GET 200 https://registry.npmjs.org/find-up 189ms (cache hit)
npm http fetch GET 200 https://registry.npmjs.org/archiver-utils 215ms (cache hit)
npm http fetch GET 200 https://registry.npmjs.org/strip-json-comments 186ms (cache hit)
npm http fetch GET 200 https://registry.npmjs.org/minimatch 190ms (cache hit)
npm http fetch GET 200 https://registry.npmjs.org/diff 193ms (cache hit)
npm http fetch GET 200 https://registry.npmjs.org/ms 192ms (cache hit)
npm http fetch GET 200 https://registry.npmjs.org/aws-sign2 184ms (cache hit)
npm http fetch GET 200 https://registry.npmjs.org/js-message 186ms (cache hit)
npm http fetch GET 200 https://registry.npmjs.org/js-queue 186ms (cache hit)
npm http fetch GET 200 https://registry.npmjs.org/combined-stream 183ms (cache hit)
npm http fetch GET 200 https://registry.npmjs.org/nanoid 193ms (cache hit)
npm http fetch GET 200 https://registry.npmjs.org/form-data 183ms (cache hit)
npm http fetch GET 200 https://registry.npmjs.org/yargs-parser 191ms (cache hit)
npm http fetch GET 200 https://registry.npmjs.org/forever-agent 185ms (cache hit)
npm http fetch GET 200 https://registry.npmjs.org/is-typedarray 182ms (cache hit)
npm http fetch GET 200 https://registry.npmjs.org/caseless 188ms (cache hit)
npm http fetch GET 200 https://registry.npmjs.org/serialize-javascript 197ms (cache hit)
npm http fetch GET 200 https://registry.npmjs.org/https-proxy-agent 221ms (cache hit)
npm http fetch GET 200 https://registry.npmjs.org/event-pubsub 193ms (cache hit)
npm http fetch GET 200 https://registry.npmjs.org/har-validator 187ms (cache hit)
npm http fetch GET 200 https://registry.npmjs.org/performance-now 179ms (cache hit)
npm http fetch GET 200 https://registry.npmjs.org/http-signature 187ms (cache hit)
npm http fetch GET 200 https://registry.npmjs.org/browser-stdout 204ms (cache hit)
npm http fetch GET 200 https://registry.npmjs.org/extend 191ms (cache hit)
npm http fetch GET 200 https://registry.npmjs.org/tunnel-agent 179ms (cache hit)
npm http fetch GET 200 https://registry.npmjs.org/safe-buffer 180ms (cache hit)
npm http fetch GET 200 https://registry.npmjs.org/mime-types 186ms (cache hit)
npm http fetch GET 200 https://registry.npmjs.org/oauth-sign 185ms (cache hit)
npm http fetch GET 200 https://registry.npmjs.org/tough-cookie 181ms (cache hit)
npm http fetch GET 200 https://registry.npmjs.org/extend 180ms (cache hit)
npm http fetch GET 200 https://registry.npmjs.org/string-width 178ms (cache hit)
npm http fetch GET 200 https://registry.npmjs.org/json-stringify-safe 189ms (cache hit)
npm http fetch GET 200 https://registry.npmjs.org/isstream 191ms (cache hit)
npm http fetch GET 200 https://registry.npmjs.org/yargs-unparser 201ms (cache hit)
npm http fetch GET 200 https://registry.npmjs.org/xdg-basedir 173ms (cache hit)
npm http fetch GET 200 https://registry.npmjs.org/boxen 178ms (cache hit)
npm http fetch GET 200 https://registry.npmjs.org/latest-version 175ms (cache hit)
npm http fetch GET 200 https://registry.npmjs.org/js-yaml 209ms (cache hit)
npm http fetch GET 200 https://registry.npmjs.org/has-yarn 179ms (cache hit)
npm http fetch GET 200 https://registry.npmjs.org/import-lazy 178ms (cache hit)
npm http fetch GET 200 https://registry.npmjs.org/is-npm 178ms (cache hit)
npm http fetch GET 200 https://registry.npmjs.org/is-yarn-global 178ms (cache hit)
npm http fetch GET 200 https://registry.npmjs.org/pupa 177ms (cache hit)
npm http fetch GET 200 https://registry.npmjs.org/qs 188ms (cache hit)
npm http fetch GET 200 https://registry.npmjs.org/eyes 174ms (cache hit)
npm http fetch GET 200 https://registry.npmjs.org/ajv 186ms (cache hit)
npm http fetch GET 200 https://registry.npmjs.org/semver-diff 182ms (cache hit)
npm http fetch GET 200 https://registry.npmjs.org/colors 180ms (cache hit)
npm http fetch GET 200 https://registry.npmjs.org/stack-trace 178ms (cache hit)
npm http fetch GET 200 https://registry.npmjs.org/aws4 209ms (cache hit)
npm http fetch GET 200 https://registry.npmjs.org/slice-ansi 191ms (cache hit)
npm http fetch GET 200 https://registry.npmjs.org/cycle 180ms (cache hit)
npm http fetch GET 200 https://registry.npmjs.org/cliui 179ms (cache hit)
npm http fetch GET 200 https://registry.npmjs.org/decamelize 178ms (cache hit)
npm http fetch GET 200 https://registry.npmjs.org/get-caller-file 178ms (cache hit)
npm http fetch GET 200 https://registry.npmjs.org/require-directory 178ms (cache hit)
npm http fetch GET 200 https://registry.npmjs.org/require-main-filename 177ms (cache hit)
npm http fetch GET 200 https://registry.npmjs.org/set-blocking 178ms (cache hit)
npm http fetch GET 200 https://registry.npmjs.org/y18n 177ms (cache hit)
npm http fetch GET 200 https://registry.npmjs.org/configstore 191ms (cache hit)
npm http fetch GET 200 https://registry.npmjs.org/which-module 178ms (cache hit)
npm http fetch GET 200 https://registry.npmjs.org/isstream 183ms (cache hit)
npm http fetch GET 200 https://registry.npmjs.org/workerpool 219ms (cache hit)
npm http fetch GET 200 https://registry.npmjs.org/find-up 182ms (cache hit)
npm http fetch GET 200 https://registry.npmjs.org/yargs-parser 179ms (cache hit)
npm http fetch GET 200 https://registry.npmjs.org/lodash.difference 24ms (cache hit)
npm http fetch GET 200 https://registry.npmjs.org/normalize-path 23ms (cache hit)
npm http fetch GET 200 https://registry.npmjs.org/lodash.flatten 27ms (cache hit)
npm http fetch GET 200 https://registry.npmjs.org/lodash.isplainobject 27ms (cache hit)
npm http fetch GET 200 https://registry.npmjs.org/string_decoder 23ms (cache hit)
npm http fetch GET 200 https://registry.npmjs.org/fs-constants 20ms (cache hit)
npm http fetch GET 200 https://registry.npmjs.org/util-deprecate 22ms (cache hit)
npm http fetch GET 200 https://registry.npmjs.org/bl 22ms (cache hit)
npm http fetch GET 200 https://registry.npmjs.org/end-of-stream 22ms (cache hit)
npm http fetch GET 200 https://registry.npmjs.org/compress-commons 20ms (cache hit)
npm http fetch GET 200 https://registry.npmjs.org/lodash.union 30ms (cache hit)
npm http fetch GET 200 https://registry.npmjs.org/lazystream 33ms (cache hit)
npm http fetch GET 200 https://registry.npmjs.org/lodash.defaults 32ms (cache hit)
npm http fetch GET 200 https://registry.npmjs.org/isarray 5ms (cache hit)
npm http fetch GET 200 https://registry.npmjs.org/process-nextick-args 5ms (cache hit)
npm http fetch GET 200 https://registry.npmjs.org/core-util-is 7ms (cache hit)
npm http fetch GET 200 https://registry.npmjs.org/rimraf 3ms (cache hit)
npm http fetch GET 200 https://registry.npmjs.org/event-stream 5ms (cache hit)
npm http fetch GET 200 https://registry.npmjs.org/has-flag 5ms (cache hit)
npm http fetch GET 200 https://registry.npmjs.org/color-convert 7ms (cache hit)
npm http fetch GET 200 https://registry.npmjs.org/color-name 2ms (cache hit)
npm http fetch GET 200 https://registry.npmjs.org/emoji-regex 4ms (cache hit)
npm http fetch GET 200 https://registry.npmjs.org/is-fullwidth-code-point 4ms (cache hit)
npm http fetch GET 200 https://registry.npmjs.org/strip-ansi 4ms (cache hit)
npm http fetch GET 200 https://registry.npmjs.org/undici-types 67ms (cache hit)
npm http fetch GET 200 https://registry.npmjs.org/get-stream 56ms (cache hit)
npm http fetch GET 200 https://registry.npmjs.org/is-stream 55ms (cache hit)
npm http fetch GET 200 https://registry.npmjs.org/ieee754 65ms (cache hit)
npm http fetch GET 200 https://registry.npmjs.org/@colors%2fcolors 63ms (cache hit)
npm http fetch GET 200 https://registry.npmjs.org/base64-js 66ms (cache hit)
npm http fetch GET 200 https://registry.npmjs.org/onetime 56ms (cache hit)
npm http fetch GET 200 https://registry.npmjs.org/human-signals 58ms (cache hit)
npm http fetch GET 200 https://registry.npmjs.org/at-least-node 52ms (cache hit)
npm http fetch GET 200 https://registry.npmjs.org/strip-final-newline 56ms (cache hit)
npm http fetch GET 200 https://registry.npmjs.org/cross-spawn 61ms (cache hit)
npm http fetch GET 200 https://registry.npmjs.org/npm-run-path 58ms (cache hit)
npm http fetch GET 200 https://registry.npmjs.org/@types%2fyauzl 55ms (cache hit)
npm http fetch GET 200 https://registry.npmjs.org/cli-truncate 50ms (cache hit)
npm http fetch GET 200 https://registry.npmjs.org/get-stream 57ms (cache hit)
npm http fetch GET 200 https://registry.npmjs.org/global-dirs 52ms (cache hit)
npm http fetch GET 200 https://registry.npmjs.org/is-path-inside 52ms (cache hit)
npm http fetch GET 200 https://registry.npmjs.org/colorette 51ms (cache hit)
npm http fetch GET 200 https://registry.npmjs.org/lodash.once 75ms (cache hit)
npm http fetch GET 200 https://registry.npmjs.org/merge-stream 62ms (cache hit)
npm http fetch GET 200 https://registry.npmjs.org/p-map 51ms (cache hit)
npm http fetch GET 200 https://registry.npmjs.org/wrap-ansi 50ms (cache hit)
npm http fetch GET 200 https://registry.npmjs.org/rfdc 52ms (cache hit)
npm http fetch GET 200 https://registry.npmjs.org/log-update 53ms (cache hit)
npm http fetch GET 200 https://registry.npmjs.org/is-unicode-supported 50ms (cache hit)
npm http fetch GET 200 https://registry.npmjs.org/ci-info 57ms (cache hit)
npm http fetch GET 200 https://registry.npmjs.org/lru-cache 47ms (cache hit)
npm http fetch GET 200 https://registry.npmjs.org/rxjs 55ms (cache hit)
npm http fetch GET 200 https://registry.npmjs.org/signal-exit 69ms (cache hit)
npm http fetch GET 200 https://registry.npmjs.org/restore-cursor 79ms (cache hit)
npm http fetch GET 200 https://registry.npmjs.org/throttleit 54ms (cache hit)
npm http fetch GET 200 https://registry.npmjs.org/through 59ms (cache hit)
npm http fetch GET 200 https://registry.npmjs.org/fd-slicer 51ms (cache hit)
npm http fetch GET 200 https://registry.npmjs.org/asynckit 21ms (cache hit)
npm http fetch GET 200 https://registry.npmjs.org/assert-plus 20ms (cache hit)
npm http fetch GET 200 https://registry.npmjs.org/jsprim 20ms (cache hit)
npm http fetch GET 200 https://registry.npmjs.org/side-channel 14ms (cache hit)
npm http fetch GET 200 https://registry.npmjs.org/sshpk 21ms (cache hit)
npm http fetch GET 200 https://registry.npmjs.org/psl 13ms (cache hit)
npm http fetch GET 200 https://registry.npmjs.org/delayed-stream 26ms (cache hit)
npm http fetch GET 200 https://registry.npmjs.org/url-parse 13ms (cache hit)
npm http fetch GET 200 https://registry.npmjs.org/punycode 14ms (cache hit)
npm http fetch GET 200 https://registry.npmjs.org/mime-db 21ms (cache hit)
npm http fetch GET 200 https://registry.npmjs.org/file-type 15ms (cache hit)
npm http fetch GET 200 https://registry.npmjs.org/unbzip2-stream 14ms (cache hit)
npm http fetch GET 200 https://registry.npmjs.org/seek-bzip 16ms (cache hit)
npm http fetch GET 200 https://registry.npmjs.org/file-type 14ms (cache hit)
npm http fetch GET 200 https://registry.npmjs.org/is-natural-number 13ms (cache hit)
npm http fetch GET 200 https://registry.npmjs.org/file-type 18ms (cache hit)
npm http fetch GET 200 https://registry.npmjs.org/buffer-alloc 9ms (cache hit)
npm http fetch GET 200 https://registry.npmjs.org/to-buffer 8ms (cache hit)
npm http fetch GET 200 https://registry.npmjs.org/xtend 9ms (cache hit)
npm http fetch GET 200 https://registry.npmjs.org/pinkie-promise 9ms (cache hit)
npm http fetch GET 200 https://registry.npmjs.org/object-assign 10ms (cache hit)
npm http fetch GET 200 https://registry.npmjs.org/ansi-regex 2ms (cache hit)
npm http fetch GET 200 https://registry.npmjs.org/path-key 13ms (cache hit)
npm http fetch GET 200 https://registry.npmjs.org/mimic-fn 8ms (cache hit)
npm http fetch GET 200 https://registry.npmjs.org/which 13ms (cache hit)
npm http fetch GET 200 https://registry.npmjs.org/path-key 10ms (cache hit)
npm http fetch GET 200 https://registry.npmjs.org/pump 13ms (cache hit)
npm http fetch GET 200 https://registry.npmjs.org/shebang-command 16ms (cache hit)
npm http fetch GET 200 https://registry.npmjs.org/isexe 4ms (cache hit)
npm http fetch GET 200 https://registry.npmjs.org/shebang-regex 5ms (cache hit)
npm http fetch GET 200 https://registry.npmjs.org/pinkie 2ms (cache hit)
npm http fetch GET 200 https://registry.npmjs.org/brace-expansion 5ms (cache hit)
npm http fetch GET 200 https://registry.npmjs.org/wrappy 7ms (cache hit)
npm http fetch GET 200 https://registry.npmjs.org/extsprintf 15ms (cache hit)
npm http fetch GET 200 https://registry.npmjs.org/jsbn 13ms (cache hit)
npm http fetch GET 200 https://registry.npmjs.org/verror 15ms (cache hit)
npm http fetch GET 200 https://registry.npmjs.org/asn1 15ms (cache hit)
npm http fetch GET 200 https://registry.npmjs.org/safer-buffer 14ms (cache hit)
npm http fetch GET 200 https://registry.npmjs.org/bcrypt-pbkdf 13ms (cache hit)
npm http fetch GET 200 https://registry.npmjs.org/tweetnacl 14ms (cache hit)
npm http fetch GET 200 https://registry.npmjs.org/ecc-jsbn 14ms (cache hit)
npm http fetch GET 200 https://registry.npmjs.org/dashdash 17ms (cache hit)
npm http fetch GET 200 https://registry.npmjs.org/json-schema 19ms (cache hit)
npm http fetch GET 200 https://registry.npmjs.org/getpass 17ms (cache hit)
npm http fetch GET 200 https://registry.npmjs.org/ansi-escapes 7ms (cache hit)
npm http fetch GET 200 https://registry.npmjs.org/aggregate-error 6ms (cache hit)
npm http fetch GET 200 https://registry.npmjs.org/tslib 6ms (cache hit)
npm http fetch GET 200 https://registry.npmjs.org/astral-regex 1ms (cache hit)
npm http fetch GET 200 https://registry.npmjs.org/type-fest 5ms (cache hit)
npm http fetch GET 200 https://registry.npmjs.org/balanced-match 3ms (cache hit)
npm http fetch GET 200 https://registry.npmjs.org/concat-map 4ms (cache hit)
npm http fetch GET 200 https://registry.npmjs.org/glob-parent 29ms (cache hit)
npm http fetch GET 200 https://registry.npmjs.org/path-exists 26ms (cache hit)
npm http fetch GET 200 https://registry.npmjs.org/braces 31ms (cache hit)
npm http fetch GET 200 https://registry.npmjs.org/locate-path 28ms (cache hit)
npm http fetch GET 200 https://registry.npmjs.org/anymatch 32ms (cache hit)
npm http fetch GET 200 https://registry.npmjs.org/camelcase 19ms (cache hit)
npm http fetch GET 200 https://registry.npmjs.org/fsevents 31ms (cache hit)
npm http fetch GET 200 https://registry.npmjs.org/argparse 26ms (cache hit)
npm http fetch GET 200 https://registry.npmjs.org/flat 20ms (cache hit)
npm http fetch GET 200 https://registry.npmjs.org/randombytes 25ms (cache hit)
npm http fetch GET 200 https://registry.npmjs.org/escalade 23ms (cache hit)
npm http fetch GET 200 https://registry.npmjs.org/is-glob 33ms (cache hit)
npm http fetch GET 200 https://registry.npmjs.org/is-plain-obj 21ms (cache hit)
npm http fetch GET 200 https://registry.npmjs.org/is-binary-path 34ms (cache hit)
npm http fetch GET 200 https://registry.npmjs.org/readdirp 34ms (cache hit)
npm http fetch GET 200 https://registry.npmjs.org/picomatch 11ms (cache hit)
npm http fetch GET 200 https://registry.npmjs.org/fill-range 11ms (cache hit)
npm http fetch GET 200 https://registry.npmjs.org/is-extglob 9ms (cache hit)
npm http fetch GET 200 https://registry.npmjs.org/binary-extensions 10ms (cache hit)
npm http fetch GET 200 https://registry.npmjs.org/picomatch 9ms (cache hit)
npm http fetch GET 200 https://registry.npmjs.org/to-regex-range 2ms (cache hit)
npm http fetch GET 200 https://registry.npmjs.org/is-number 2ms (cache hit)
npm http fetch GET 200 https://registry.npmjs.org/p-locate 3ms (cache hit)
npm http fetch GET 200 https://registry.npmjs.org/p-limit 2ms (cache hit)
npm http fetch GET 200 https://registry.npmjs.org/easy-stack 2ms (cache hit)
npm http fetch GET 200 https://registry.npmjs.org/yocto-queue 4ms (cache hit)
npm http fetch GET 200 https://registry.npmjs.org/clean-stack 3ms (cache hit)
npm http fetch GET 200 https://registry.npmjs.org/indent-string 3ms (cache hit)
npm http fetch GET 200 https://registry.npmjs.org/split 6ms (cache hit)
npm http fetch GET 200 https://registry.npmjs.org/duplexer 8ms (cache hit)
npm http fetch GET 200 https://registry.npmjs.org/pause-stream 7ms (cache hit)
npm http fetch GET 200 https://registry.npmjs.org/from 8ms (cache hit)
npm http fetch GET 200 https://registry.npmjs.org/map-stream 8ms (cache hit)
npm http fetch GET 200 https://registry.npmjs.org/stream-combiner 7ms (cache hit)
npm http fetch GET 200 https://registry.npmjs.org/get-intrinsic 5ms (cache hit)
npm http fetch GET 200 https://registry.npmjs.org/call-bind 6ms (cache hit)
npm http fetch GET 200 https://registry.npmjs.org/object-inspect 6ms (cache hit)
npm http fetch GET 200 https://registry.npmjs.org/har-schema 7ms (cache hit)
npm http fetch GET 200 https://registry.npmjs.org/fast-deep-equal 6ms (cache hit)
npm http fetch GET 200 https://registry.npmjs.org/uri-js 5ms (cache hit)
npm http fetch GET 200 https://registry.npmjs.org/json-schema-traverse 6ms (cache hit)
npm http fetch GET 200 https://registry.npmjs.org/fast-json-stable-stringify 7ms (cache hit)
npm http fetch GET 200 https://registry.npmjs.org/yallist 3ms (cache hit)
npm http fetch GET 200 https://registry.npmjs.org/function-bind 8ms (cache hit)
npm http fetch GET 200 https://registry.npmjs.org/hasown 5ms (cache hit)
npm http fetch GET 200 https://registry.npmjs.org/has-proto 7ms (cache hit)
npm http fetch GET 200 https://registry.npmjs.org/set-function-length 8ms (cache hit)
npm http fetch GET 200 https://registry.npmjs.org/has-symbols 6ms (cache hit)
npm http fetch GET 200 https://registry.npmjs.org/define-data-property 4ms (cache hit)
npm http fetch GET 200 https://registry.npmjs.org/gopd 4ms (cache hit)
npm http fetch GET 200 https://registry.npmjs.org/has-property-descriptors 4ms (cache hit)
npm http fetch GET 200 https://registry.npmjs.org/querystringify 4ms (cache hit)
npm http fetch GET 200 https://registry.npmjs.org/requires-port 3ms (cache hit)
npm http fetch GET 200 https://registry.npmjs.org/ansi-align 18ms (cache hit)
npm http fetch GET 200 https://registry.npmjs.org/unique-string 16ms (cache hit)
npm http fetch GET 200 https://registry.npmjs.org/package-json 13ms (cache hit)
npm http fetch GET 200 https://registry.npmjs.org/widest-line 19ms (cache hit)
npm http fetch GET 200 https://registry.npmjs.org/escape-goat 12ms (cache hit)
npm http fetch GET 200 https://registry.npmjs.org/write-file-atomic 18ms (cache hit)
npm http fetch GET 200 https://registry.npmjs.org/cli-boxes 20ms (cache hit)
npm http fetch GET 200 https://registry.npmjs.org/dot-prop 20ms (cache hit)
npm http fetch GET 200 https://registry.npmjs.org/imurmurhash 4ms (cache hit)
npm http fetch GET 200 https://registry.npmjs.org/typedarray-to-buffer 5ms (cache hit)
npm http fetch GET 200 https://registry.npmjs.org/crypto-random-string 6ms (cache hit)
npm http fetch GET 200 https://registry.npmjs.org/is-obj 8ms (cache hit)
npm http fetch GET 200 https://registry.npmjs.org/got 6ms (cache hit)
npm http fetch GET 200 https://registry.npmjs.org/registry-url 8ms (cache hit)
npm http fetch GET 200 https://registry.npmjs.org/registry-auth-token 9ms (cache hit)
npm http fetch GET 200 https://registry.npmjs.org/decompress-response 19ms (cache hit)
npm http fetch GET 200 https://registry.npmjs.org/cacheable-request 20ms (cache hit)
npm http fetch GET 200 https://registry.npmjs.org/rc 16ms (cache hit)
npm http fetch GET 200 https://registry.npmjs.org/p-cancelable 19ms (cache hit)
npm http fetch GET 200 https://registry.npmjs.org/@szmarczak%2fhttp-timer 23ms (cache hit)
npm http fetch GET 200 https://registry.npmjs.org/duplexer3 21ms (cache hit)
npm http fetch GET 200 https://registry.npmjs.org/mimic-response 21ms (cache hit)
npm http fetch GET 200 https://registry.npmjs.org/@sindresorhus%2fis 24ms (cache hit)
npm http fetch GET 200 https://registry.npmjs.org/url-parse-lax 21ms (cache hit)
npm http fetch GET 200 https://registry.npmjs.org/rc 20ms (cache hit)
npm http fetch GET 200 https://registry.npmjs.org/to-readable-stream 22ms (cache hit)
npm http fetch GET 200 https://registry.npmjs.org/lowercase-keys 24ms (cache hit)
npm http fetch GET 200 https://registry.npmjs.org/defer-to-connect 14ms (cache hit)
npm http fetch GET 200 https://registry.npmjs.org/normalize-url 14ms (cache hit)
npm http fetch GET 200 https://registry.npmjs.org/http-cache-semantics 15ms (cache hit)
npm http fetch GET 200 https://registry.npmjs.org/keyv 16ms (cache hit)
npm http fetch GET 200 https://registry.npmjs.org/responselike 16ms (cache hit)
npm http fetch GET 200 https://registry.npmjs.org/prepend-http 11ms (cache hit)
npm http fetch GET 200 https://registry.npmjs.org/clone-response 19ms (cache hit)
npm http fetch GET 200 https://registry.npmjs.org/json-buffer 4ms (cache hit)
npm http fetch GET 200 https://registry.npmjs.org/deep-extend 2ms (cache hit)
npm http fetch GET 200 https://registry.npmjs.org/pend 3ms (cache hit)
npm http fetch GET 200 https://registry.npmjs.org/crc32-stream 1ms (cache hit)
npm http fetch GET 200 https://registry.npmjs.org/crc-32 2ms (cache hit)
npm http fetch GET 200 https://registry.npmjs.org/buffer-alloc-unsafe 5ms (cache hit)
npm http fetch GET 200 https://registry.npmjs.org/buffer-fill 6ms (cache hit)
npm http fetch GET 200 https://registry.npmjs.org/p-try 2ms (cache hit)
npm WARN deprecated har-validator@5.1.5: this library is no longer supported
npm http fetch POST 200 https://registry.npmjs.org/-/npm/v1/security/advisories/bulk 735ms
npm WARN deprecated uuid@3.4.0: Please upgrade  to version 7 or higher.  Older versions may use Math.random() in certain circumstances, which is known to be problematic.  See https://v8.dev/blog/math-random for details.
npm WARN deprecated request@2.88.2: request has been deprecated, see https://github.com/request/request/issues/3142
npm info run cypress@13.6.1 postinstall node_modules/cypress node index.js --exec install
npm info run cypress@13.6.1 postinstall { code: 0, signal: null }

added 450 packages, and audited 451 packages in 4s

66 packages are looking for funding
  run `npm fund` for details

7 moderate severity vulnerabilities

To address all issues (including breaking changes), run:
  npm audit fix --force

Run `npm audit` for details.
npm verb exit 0
npm info ok 
